lps2lts-mc: =============================================================================
lps2lts-mc: Runtime environment could only preallocate 503 GB while requesting 2015 GB.
lps2lts-mc:         Configure your system limits to exploit all memory.
lps2lts-mc: =============================================================================
lps2lts-mc( 0/64): mCRL2 language module initialized
lps2lts-mc( 1/64): mCRL2 language module initialized
lps2lts-mc( 2/64): mCRL2 language module initialized
lps2lts-mc( 3/64): mCRL2 language module initialized
lps2lts-mc( 5/64): mCRL2 language module initialized
lps2lts-mc( 4/64): mCRL2 language module initialized
lps2lts-mc( 7/64): mCRL2 language module initialized
lps2lts-mc( 6/64): mCRL2 language module initialized
lps2lts-mc( 8/64): mCRL2 language module initialized
lps2lts-mc(11/64): mCRL2 language module initialized
lps2lts-mc(14/64): mCRL2 language module initialized
lps2lts-mc(10/64): mCRL2 language module initialized
lps2lts-mc(12/64): mCRL2 language module initialized
lps2lts-mc(13/64): mCRL2 language module initialized
lps2lts-mc(15/64): mCRL2 language module initialized
lps2lts-mc(17/64): mCRL2 language module initialized
lps2lts-mc(16/64): mCRL2 language module initialized
lps2lts-mc(27/64): mCRL2 language module initialized
lps2lts-mc(26/64): mCRL2 language module initialized
lps2lts-mc(23/64): mCRL2 language module initialized
lps2lts-mc(25/64): mCRL2 language module initialized
lps2lts-mc(28/64): mCRL2 language module initialized
lps2lts-mc(20/64): mCRL2 language module initialized
lps2lts-mc(31/64): mCRL2 language module initialized
lps2lts-mc(24/64): mCRL2 language module initialized
lps2lts-mc(18/64): mCRL2 language module initialized
lps2lts-mc(29/64): mCRL2 language module initialized
lps2lts-mc(21/64): mCRL2 language module initialized
lps2lts-mc(33/64): mCRL2 language module initialized
lps2lts-mc(32/64): mCRL2 language module initialized
lps2lts-mc(30/64): mCRL2 language module initialized
lps2lts-mc(34/64): mCRL2 language module initialized
lps2lts-mc(35/64): mCRL2 language module initialized
lps2lts-mc(36/64): mCRL2 language module initialized
lps2lts-mc(39/64): mCRL2 language module initialized
lps2lts-mc(38/64): mCRL2 language module initialized
lps2lts-mc(40/64): mCRL2 language module initialized
lps2lts-mc(41/64): mCRL2 language module initialized
lps2lts-mc(58/64): mCRL2 language module initialized
lps2lts-mc(46/64): mCRL2 language module initialized
lps2lts-mc(54/64): mCRL2 language module initialized
lps2lts-mc(43/64): mCRL2 language module initialized
lps2lts-mc(45/64): mCRL2 language module initialized
lps2lts-mc(57/64): mCRL2 language module initialized
lps2lts-mc(47/64): mCRL2 language module initialized
lps2lts-mc(48/64): mCRL2 language module initialized
lps2lts-mc(50/64): mCRL2 language module initialized
lps2lts-mc(44/64): mCRL2 language module initialized
lps2lts-mc(52/64): mCRL2 language module initialized
lps2lts-mc(59/64): mCRL2 language module initialized
lps2lts-mc(49/64): mCRL2 language module initialized
lps2lts-mc(55/64): mCRL2 language module initialized
lps2lts-mc(53/64): mCRL2 language module initialized
lps2lts-mc(62/64): mCRL2 language module initialized
lps2lts-mc(60/64): mCRL2 language module initialized
lps2lts-mc(63/64): mCRL2 language module initialized
lps2lts-mc(61/64): mCRL2 language module initialized
lps2lts-mc( 0/64): Loading model from four_in_a_row5.lps
lps2lts-mc( 0/64): mCRL2 rewriter: jittyc
lps2lts-mc( 1/64): mCRL2 rewriter: jittyc
lps2lts-mc( 2/64): mCRL2 rewriter: jittyc
lps2lts-mc( 5/64): mCRL2 rewriter: jittyc
lps2lts-mc( 3/64): mCRL2 rewriter: jittyc
lps2lts-mc( 6/64): mCRL2 rewriter: jittyc
lps2lts-mc( 9/64): mCRL2 rewriter: jittyc
lps2lts-mc(11/64): mCRL2 rewriter: jittyc
lps2lts-mc(16/64): mCRL2 rewriter: jittyc
lps2lts-mc(10/64): mCRL2 rewriter: jittyc
lps2lts-mc(18/64): mCRL2 rewriter: jittyc
lps2lts-mc(26/64): mCRL2 rewriter: jittyc
lps2lts-mc(25/64): mCRL2 rewriter: jittyc
lps2lts-mc(20/64): mCRL2 rewriter: jittyc
lps2lts-mc(34/64): mCRL2 rewriter: jittyc
lps2lts-mc(35/64): mCRL2 rewriter: jittyc
lps2lts-mc(37/64): mCRL2 rewriter: jittyc
lps2lts-mc(22/64): mCRL2 rewriter: jittyc
lps2lts-mc(38/64): mCRL2 rewriter: jittyc
lps2lts-mc(33/64): mCRL2 rewriter: jittyc
lps2lts-mc(24/64): mCRL2 rewriter: jittyc
lps2lts-mc(43/64): mCRL2 rewriter: jittyc
lps2lts-mc(29/64): mCRL2 rewriter: jittyc
lps2lts-mc(45/64): mCRL2 rewriter: jittyc
lps2lts-mc(46/64): mCRL2 rewriter: jittyc
lps2lts-mc(49/64): mCRL2 rewriter: jittyc
lps2lts-mc(47/64): mCRL2 rewriter: jittyc
lps2lts-mc(41/64): mCRL2 rewriter: jittyc
lps2lts-mc(51/64): mCRL2 rewriter: jittyc
lps2lts-mc(52/64): mCRL2 rewriter: jittyc
lps2lts-mc(53/64): mCRL2 rewriter: jittyc
lps2lts-mc(54/64): mCRL2 rewriter: jittyc
lps2lts-mc(56/64): mCRL2 rewriter: jittyc
lps2lts-mc(57/64): mCRL2 rewriter: jittyc
lps2lts-mc(59/64): mCRL2 rewriter: jittyc
lps2lts-mc(63/64): mCRL2 rewriter: jittyc
lps2lts-mc(60/64): mCRL2 rewriter: jittyc
lps2lts-mc(55/64): mCRL2 rewriter: jittyc
lps2lts-mc(62/64): mCRL2 rewriter: jittyc
lps2lts-mc(61/64): mCRL2 rewriter: jittyc
lps2lts-mc( 0/64): Regroup specification: gs
lps2lts-mc( 0/64): Regroup macro Group Safely: gc,gr,cw,rs
lps2lts-mc( 0/64): Regroup macro Cols: cs,cn
lps2lts-mc( 0/64): Regroup Column Sort
lps2lts-mc( 0/64): Regroup Column Nub
lps2lts-mc( 0/64): Regroup macro Rows: rs,rn
lps2lts-mc( 0/64): Regroup Row Sort
lps2lts-mc( 0/64): Regroup Row Nub
lps2lts-mc( 0/64): Regroup Column sWaps
lps2lts-mc( 0/64): Regroup Row Sort
lps2lts-mc( 0/64): Regrouping: 12->6 groups
lps2lts-mc( 0/64): There are 9 state labels and 1 edge labels
lps2lts-mc( 0/64): State length is 21, there are 6 groups
lps2lts-mc( 0/64): Running bfs using 64 cores
lps2lts-mc( 0/64): Using a non-indexing tree table with 2^33 elements
lps2lts-mc( 0/64): Successor permutation: none
lps2lts-mc( 0/64): Global bits: 0, count bits: 0, local bits: 0
lps2lts-mc( 0/64): ~1 levels ~64 states ~320 transitions
lps2lts-mc( 0/64): ~2 levels ~128 states ~640 transitions
lps2lts-mc( 0/64): ~2 levels ~256 states ~1280 transitions
lps2lts-mc( 0/64): ~3 levels ~512 states ~2560 transitions
lps2lts-mc( 0/64): ~3 levels ~1024 states ~5120 transitions
lps2lts-mc( 0/64): ~4 levels ~2048 states ~10240 transitions
lps2lts-mc( 0/64): ~4 levels ~4096 states ~20480 transitions
lps2lts-mc( 0/64): ~5 levels ~8192 states ~40960 transitions
lps2lts-mc( 0/64): ~5 levels ~16384 states ~81728 transitions
lps2lts-mc( 0/64): ~6 levels ~32768 states ~161728 transitions
lps2lts-mc(15/64): ~4 levels ~65536 states ~315456 transitions
lps2lts-mc(31/64): ~9 levels ~131072 states ~188224 transitions
lps2lts-mc(51/64): ~19 levels ~262144 states ~417408 transitions
lps2lts-mc(58/64): ~8 levels ~524288 states ~1400768 transitions
lps2lts-mc(49/64): ~18 levels ~1048576 states ~2129408 transitions
lps2lts-mc(34/64): ~16 levels ~2097152 states ~4169664 transitions
lps2lts-mc(34/64): ~54 levels ~4194304 states ~7055424 transitions
lps2lts-mc(24/64): ~207 levels ~8388608 states ~12398848 transitions
lps2lts-mc( 0/64):  
lps2lts-mc( 0/64): mean standard work distribution: 10.9% (states) 11.8% (transitions)
lps2lts-mc( 0/64):  
lps2lts-mc( 0/64): Explored 7039582 states 15175974 transitions, fanout: 2.156
lps2lts-mc( 0/64): Total exploration time 42.960 sec (42.900 sec minimum, 42.941 sec on average)
lps2lts-mc( 0/64): States per second: 163864, Transitions per second: 353258
lps2lts-mc( 0/64):  
lps2lts-mc( 0/64): Queue width: 8B, total height: 1017456, memory: 7.76MB
lps2lts-mc( 0/64): Tree memory: 54.5MB, 8.1 B/state, compr.: 9.4%
lps2lts-mc( 0/64): Tree fill ratio (roots/leafs): 0.0%/0.0%
lps2lts-mc( 0/64): Stored 17 string chucks using 0MB
lps2lts-mc( 0/64): Total memory used for chunk indexing: 0MB
lps2lts-mc( 0/64): Est. total memory use: 62.2MB (~65543.8MB paged-in)
Exit [0]
975.44 user, 2513.31 system, 67.68 elapsed -- Max VSize = 528417584KB, Max RSS = 5632KB
