pins2lts-sym: Using 48 CPUs
pins2lts-sym, 0.002: =============================================================================
pins2lts-sym, 0.002: Runtime environment could only preallocate 125 GB while requesting 503 GB.
pins2lts-sym, 0.002:         Configure your system limits to exploit all memory.
pins2lts-sym, 0.002: =============================================================================
pins2lts-sym( 0/49), 0.004: Exploration order is par-prev
pins2lts-sym( 0/49), 0.004: Saturation strategy is none
pins2lts-sym( 0/49), 0.004: Guided search strategy is unguided
pins2lts-sym( 0/49), 0.004: Attractor strategy is default
pins2lts-sym( 0/49), 0.004: Registering PINS so language module
pins2lts-sym( 1/49), 0.034: Registering PINS so language module
pins2lts-sym( 1/49), 0.034: opening Problem.so
pins2lts-sym( 2/49), 0.034: Registering PINS so language module
pins2lts-sym( 2/49), 0.034: opening Problem.so
pins2lts-sym( 0/49), 0.034: Main process: 0.
pins2lts-sym( 0/49), 0.034: 48 slave processes started.
pins2lts-sym( 6/49), 0.035: Registering PINS so language module
pins2lts-sym( 6/49), 0.035: opening Problem.so
pins2lts-sym( 5/49), 0.035: Registering PINS so language module
pins2lts-sym( 5/49), 0.035: opening Problem.so
pins2lts-sym( 4/49), 0.036: Registering PINS so language module
pins2lts-sym( 4/49), 0.036: opening Problem.so
pins2lts-sym( 7/49), 0.036: Registering PINS so language module
pins2lts-sym( 7/49), 0.036: opening Problem.so
pins2lts-sym( 3/49), 0.037: Registering PINS so language module
pins2lts-sym( 3/49), 0.037: opening Problem.so
pins2lts-sym(12/49), 0.037: Registering PINS so language module
pins2lts-sym(12/49), 0.037: opening Problem.so
pins2lts-sym( 8/49), 0.039: Registering PINS so language module
pins2lts-sym( 8/49), 0.039: opening Problem.so
pins2lts-sym(10/49), 0.039: Registering PINS so language module
pins2lts-sym(10/49), 0.039: opening Problem.so
pins2lts-sym(15/49), 0.040: Registering PINS so language module
pins2lts-sym(15/49), 0.040: opening Problem.so
pins2lts-sym(30/49), 0.041: Registering PINS so language module
pins2lts-sym(30/49), 0.041: opening Problem.so
pins2lts-sym(21/49), 0.041: Registering PINS so language module
pins2lts-sym(19/49), 0.041: Registering PINS so language module
pins2lts-sym(19/49), 0.041: opening Problem.so
pins2lts-sym(21/49), 0.042: opening Problem.so
pins2lts-sym(29/49), 0.042: Registering PINS so language module
pins2lts-sym(29/49), 0.042: opening Problem.so
pins2lts-sym(14/49), 0.043: Registering PINS so language module
pins2lts-sym(14/49), 0.043: opening Problem.so
pins2lts-sym(13/49), 0.043: Registering PINS so language module
pins2lts-sym(13/49), 0.044: opening Problem.so
pins2lts-sym(17/49), 0.044: Registering PINS so language module
pins2lts-sym(17/49), 0.044: opening Problem.so
pins2lts-sym(28/49), 0.046: Registering PINS so language module
pins2lts-sym(28/49), 0.046: opening Problem.so
pins2lts-sym(44/49), 0.046: Registering PINS so language module
pins2lts-sym(16/49), 0.046: Registering PINS so language module
pins2lts-sym(47/49), 0.046: Registering PINS so language module
pins2lts-sym(44/49), 0.046: opening Problem.so
pins2lts-sym(16/49), 0.046: opening Problem.so
pins2lts-sym(47/49), 0.046: opening Problem.so
pins2lts-sym(22/49), 0.047: Registering PINS so language module
pins2lts-sym(22/49), 0.047: opening Problem.so
pins2lts-sym(18/49), 0.048: Registering PINS so language module
pins2lts-sym(18/49), 0.048: opening Problem.so
pins2lts-sym(41/49), 0.048: Registering PINS so language module
pins2lts-sym(41/49), 0.048: opening Problem.so
pins2lts-sym(25/49), 0.049: Registering PINS so language module
pins2lts-sym(25/49), 0.050: opening Problem.so
pins2lts-sym(31/49), 0.051: Registering PINS so language module
pins2lts-sym(31/49), 0.051: opening Problem.so
pins2lts-sym(35/49), 0.051: Registering PINS so language module
pins2lts-sym(35/49), 0.051: opening Problem.so
pins2lts-sym(34/49), 0.051: Registering PINS so language module
pins2lts-sym(34/49), 0.051: opening Problem.so
pins2lts-sym(32/49), 0.051: Registering PINS so language module
pins2lts-sym(32/49), 0.051: opening Problem.so
pins2lts-sym(37/49), 0.051: Registering PINS so language module
pins2lts-sym(37/49), 0.052: opening Problem.so
pins2lts-sym(38/49), 0.052: Registering PINS so language module
pins2lts-sym(11/49), 0.052: Registering PINS so language module
pins2lts-sym(38/49), 0.052: opening Problem.so
pins2lts-sym(11/49), 0.052: opening Problem.so
pins2lts-sym(39/49), 0.052: Registering PINS so language module
pins2lts-sym(39/49), 0.052: opening Problem.so
pins2lts-sym(42/49), 0.053: Registering PINS so language module
pins2lts-sym( 9/49), 0.053: Registering PINS so language module
pins2lts-sym(26/49), 0.053: Registering PINS so language module
pins2lts-sym(42/49), 0.053: opening Problem.so
pins2lts-sym( 9/49), 0.053: opening Problem.so
pins2lts-sym(26/49), 0.053: opening Problem.so
pins2lts-sym(33/49), 0.053: Registering PINS so language module
pins2lts-sym(33/49), 0.053: opening Problem.so
pins2lts-sym(27/49), 0.053: Registering PINS so language module
pins2lts-sym(27/49), 0.053: opening Problem.so
pins2lts-sym(45/49), 0.054: Registering PINS so language module
pins2lts-sym(46/49), 0.054: Registering PINS so language module
pins2lts-sym(45/49), 0.054: opening Problem.so
pins2lts-sym(46/49), 0.054: opening Problem.so
pins2lts-sym(43/49), 0.054: Registering PINS so language module
pins2lts-sym(43/49), 0.054: opening Problem.so
pins2lts-sym(24/49), 0.054: Registering PINS so language module
pins2lts-sym(24/49), 0.054: opening Problem.so
pins2lts-sym(36/49), 0.055: Registering PINS so language module
pins2lts-sym(36/49), 0.055: opening Problem.so
pins2lts-sym(20/49), 0.055: Registering PINS so language module
pins2lts-sym(20/49), 0.056: opening Problem.so
pins2lts-sym(48/49), 0.060: Registering PINS so language module
pins2lts-sym(23/49), 0.060: Registering PINS so language module
pins2lts-sym(23/49), 0.060: opening Problem.so
pins2lts-sym(48/49), 0.060: opening Problem.so
pins2lts-sym(40/49), 0.061: Registering PINS so language module
pins2lts-sym(40/49), 0.061: opening Problem.so
pins2lts-sym, 0.000: opening Problem.so
pins2lts-sym( 1/49), 0.113: library has no initializer
pins2lts-sym( 1/49), 0.113: loading model RERS2014
pins2lts-sym(30/49), 0.126: library has no initializer
pins2lts-sym(30/49), 0.126: loading model RERS2014
pins2lts-sym( 6/49), 0.126: library has no initializer
pins2lts-sym( 6/49), 0.126: loading model RERS2014
pins2lts-sym(44/49), 0.126: library has no initializer
pins2lts-sym(44/49), 0.126: loading model RERS2014
pins2lts-sym(28/49), 0.126: library has no initializer
pins2lts-sym(28/49), 0.126: loading model RERS2014
pins2lts-sym(29/49), 0.126: library has no initializer
pins2lts-sym(29/49), 0.126: loading model RERS2014
pins2lts-sym(18/49), 0.126: library has no initializer
pins2lts-sym(18/49), 0.126: loading model RERS2014
pins2lts-sym(31/49), 0.126: library has no initializer
pins2lts-sym(31/49), 0.126: loading model RERS2014
pins2lts-sym(45/49), 0.126: library has no initializer
pins2lts-sym(45/49), 0.126: loading model RERS2014
pins2lts-sym(32/49), 0.126: library has no initializer
pins2lts-sym(32/49), 0.126: loading model RERS2014
pins2lts-sym(34/49), 0.126: library has no initializer
pins2lts-sym(34/49), 0.127: loading model RERS2014
pins2lts-sym(40/49), 0.127: library has no initializer
pins2lts-sym(40/49), 0.127: loading model RERS2014
pins2lts-sym( 2/49), 0.127: library has no initializer
pins2lts-sym( 2/49), 0.127: loading model RERS2014
pins2lts-sym(46/49), 0.127: library has no initializer
pins2lts-sym(35/49), 0.127: library has no initializer
pins2lts-sym(46/49), 0.127: loading model RERS2014
pins2lts-sym(35/49), 0.127: loading model RERS2014
pins2lts-sym(36/49), 0.127: library has no initializer
pins2lts-sym(36/49), 0.127: loading model RERS2014
pins2lts-sym(25/49), 0.127: library has no initializer
pins2lts-sym(33/49), 0.127: library has no initializer
pins2lts-sym(25/49), 0.127: loading model RERS2014
pins2lts-sym(33/49), 0.127: loading model RERS2014
pins2lts-sym(42/49), 0.127: library has no initializer
pins2lts-sym(42/49), 0.127: loading model RERS2014
pins2lts-sym(48/49), 0.127: library has no initializer
pins2lts-sym(48/49), 0.127: loading model RERS2014
pins2lts-sym(27/49), 0.128: library has no initializer
pins2lts-sym(27/49), 0.128: loading model RERS2014
pins2lts-sym(38/49), 0.128: library has no initializer
pins2lts-sym(38/49), 0.128: loading model RERS2014
pins2lts-sym(39/49), 0.128: library has no initializer
pins2lts-sym(39/49), 0.128: loading model RERS2014
pins2lts-sym(26/49), 0.129: library has no initializer
pins2lts-sym(26/49), 0.129: loading model RERS2014
pins2lts-sym(11/49), 0.129: library has no initializer
pins2lts-sym(11/49), 0.129: loading model RERS2014
pins2lts-sym(10/49), 0.129: library has no initializer
pins2lts-sym(10/49), 0.129: loading model RERS2014
pins2lts-sym( 9/49), 0.129: library has no initializer
pins2lts-sym( 9/49), 0.129: loading model RERS2014
pins2lts-sym(37/49), 0.129: library has no initializer
pins2lts-sym(37/49), 0.129: loading model RERS2014
pins2lts-sym(16/49), 0.129: library has no initializer
pins2lts-sym(16/49), 0.129: loading model RERS2014
pins2lts-sym( 4/49), 0.129: library has no initializer
pins2lts-sym( 3/49), 0.129: library has no initializer
pins2lts-sym( 4/49), 0.129: loading model RERS2014
pins2lts-sym( 3/49), 0.129: loading model RERS2014
pins2lts-sym(19/49), 0.130: library has no initializer
pins2lts-sym(19/49), 0.130: loading model RERS2014
pins2lts-sym, 0.017: library has no initializer
pins2lts-sym, 0.017: loading model RERS2014
pins2lts-sym(23/49), 0.130: library has no initializer
pins2lts-sym(23/49), 0.130: loading model RERS2014
pins2lts-sym(20/49), 0.131: library has no initializer
pins2lts-sym(20/49), 0.131: loading model RERS2014
pins2lts-sym(15/49), 0.131: library has no initializer
pins2lts-sym(15/49), 0.131: loading model RERS2014
pins2lts-sym( 5/49), 0.132: library has no initializer
pins2lts-sym( 5/49), 0.132: loading model RERS2014
pins2lts-sym(47/49), 0.132: library has no initializer
pins2lts-sym(47/49), 0.132: loading model RERS2014
pins2lts-sym( 7/49), 0.132: library has no initializer
pins2lts-sym( 7/49), 0.132: loading model RERS2014
pins2lts-sym(21/49), 0.132: library has no initializer
pins2lts-sym(24/49), 0.132: library has no initializer
pins2lts-sym(21/49), 0.132: loading model RERS2014
pins2lts-sym(24/49), 0.132: loading model RERS2014
pins2lts-sym( 8/49), 0.132: library has no initializer
pins2lts-sym( 8/49), 0.132: loading model RERS2014
pins2lts-sym(12/49), 0.133: library has no initializer
pins2lts-sym(12/49), 0.133: loading model RERS2014
pins2lts-sym(22/49), 0.133: library has no initializer
pins2lts-sym(22/49), 0.133: loading model RERS2014
pins2lts-sym(17/49), 0.133: library has no initializer
pins2lts-sym(17/49), 0.133: loading model RERS2014
pins2lts-sym(43/49), 0.133: library has no initializer
pins2lts-sym(43/49), 0.133: loading model RERS2014
pins2lts-sym(41/49), 0.133: library has no initializer
pins2lts-sym(41/49), 0.133: loading model RERS2014
pins2lts-sym(13/49), 0.133: library has no initializer
pins2lts-sym(13/49), 0.133: loading model RERS2014
pins2lts-sym(14/49), 0.134: library has no initializer
pins2lts-sym(14/49), 0.134: loading model RERS2014
pins2lts-sym, 0.222: completed loading model RERS2014
pins2lts-sym, 0.222: Regroup specification: gs
pins2lts-sym, 0.222: Regroup macro Group Safely: gc,gr,cw,rs
pins2lts-sym, 0.222: Regroup macro Cols: cs,cn
pins2lts-sym, 0.222: Regroup Column Sort
pins2lts-sym, 0.223: Regroup Column Nub
pins2lts-sym, 0.223: Regroup macro Rows: rs,rn
pins2lts-sym, 0.223: Regroup Row Sort
pins2lts-sym, 0.223: Regroup Row Nub
pins2lts-sym, 0.223: Regroup Column sWaps
pins2lts-sym, 0.258: Regroup Row Sort
pins2lts-sym, 0.258: Regrouping: 106->101 groups
pins2lts-sym( 1/49), 0.474: completed loading model RERS2014
pins2lts-sym( 2/49), 0.497: completed loading model RERS2014
pins2lts-sym( 3/49), 0.521: completed loading model RERS2014
pins2lts-sym( 4/49), 0.541: completed loading model RERS2014
pins2lts-sym( 5/49), 0.557: completed loading model RERS2014
pins2lts-sym( 7/49), 0.581: completed loading model RERS2014
pins2lts-sym(10/49), 0.581: completed loading model RERS2014
pins2lts-sym( 9/49), 0.585: completed loading model RERS2014
pins2lts-sym(11/49), 0.589: completed loading model RERS2014
pins2lts-sym( 8/49), 0.593: completed loading model RERS2014
pins2lts-sym(13/49), 0.593: completed loading model RERS2014
pins2lts-sym( 6/49), 0.593: completed loading model RERS2014
pins2lts-sym(14/49), 0.597: completed loading model RERS2014
pins2lts-sym(16/49), 0.601: completed loading model RERS2014
pins2lts-sym(12/49), 0.601: completed loading model RERS2014
pins2lts-sym(15/49), 0.605: completed loading model RERS2014
pins2lts-sym(18/49), 0.605: completed loading model RERS2014
pins2lts-sym(48/49), 0.605: completed loading model RERS2014
pins2lts-sym(19/49), 0.609: completed loading model RERS2014
pins2lts-sym(46/49), 0.609: completed loading model RERS2014
pins2lts-sym(20/49), 0.613: completed loading model RERS2014
pins2lts-sym(47/49), 0.613: completed loading model RERS2014
pins2lts-sym(42/49), 0.613: completed loading model RERS2014
pins2lts-sym(17/49), 0.617: completed loading model RERS2014
pins2lts-sym(22/49), 0.617: completed loading model RERS2014
pins2lts-sym(41/49), 0.617: completed loading model RERS2014
pins2lts-sym(21/49), 0.621: completed loading model RERS2014
pins2lts-sym(39/49), 0.621: completed loading model RERS2014
pins2lts-sym(24/49), 0.621: completed loading model RERS2014
pins2lts-sym(23/49), 0.625: completed loading model RERS2014
pins2lts-sym(27/49), 0.625: completed loading model RERS2014
pins2lts-sym(37/49), 0.625: completed loading model RERS2014
pins2lts-sym(35/49), 0.629: completed loading model RERS2014
pins2lts-sym(44/49), 0.629: completed loading model RERS2014
pins2lts-sym(25/49), 0.633: completed loading model RERS2014
pins2lts-sym(28/49), 0.633: completed loading model RERS2014
pins2lts-sym(33/49), 0.633: completed loading model RERS2014
pins2lts-sym(31/49), 0.637: completed loading model RERS2014
pins2lts-sym(34/49), 0.637: completed loading model RERS2014
pins2lts-sym(32/49), 0.641: completed loading model RERS2014
pins2lts-sym(29/49), 0.641: completed loading model RERS2014
pins2lts-sym(45/49), 0.645: completed loading model RERS2014
pins2lts-sym(30/49), 0.645: completed loading model RERS2014
pins2lts-sym(43/49), 0.649: completed loading model RERS2014
pins2lts-sym(38/49), 0.649: completed loading model RERS2014
pins2lts-sym(36/49), 0.649: completed loading model RERS2014
pins2lts-sym(40/49), 0.653: completed loading model RERS2014
pins2lts-sym(26/49), 0.653: completed loading model RERS2014
pins2lts-sym, 0.806: state vector length is 25; there are 101 groups and 96 guards
pins2lts-sym, 0.829: Creating a multi-core ListDD domain.
pins2lts-sym( 1/49), 0.942: Creating a multi-core ListDD domain.
pins2lts-sym( 2/49), 0.942: Creating a multi-core ListDD domain.
pins2lts-sym( 3/49), 0.943: Creating a multi-core ListDD domain.
pins2lts-sym( 7/49), 0.943: Creating a multi-core ListDD domain.
pins2lts-sym( 4/49), 0.943: Creating a multi-core ListDD domain.
pins2lts-sym( 6/49), 0.943: Creating a multi-core ListDD domain.
pins2lts-sym(35/49), 0.944: Creating a multi-core ListDD domain.
pins2lts-sym( 8/49), 0.944: Creating a multi-core ListDD domain.
pins2lts-sym(12/49), 0.944: Creating a multi-core ListDD domain.
pins2lts-sym(42/49), 0.944: Creating a multi-core ListDD domain.
pins2lts-sym(16/49), 0.944: Creating a multi-core ListDD domain.
pins2lts-sym(15/49), 0.944: Creating a multi-core ListDD domain.
pins2lts-sym(17/49), 0.945: Creating a multi-core ListDD domain.
pins2lts-sym(27/49), 0.945: Creating a multi-core ListDD domain.
pins2lts-sym(19/49), 0.945: Creating a multi-core ListDD domain.
pins2lts-sym(22/49), 0.946: Creating a multi-core ListDD domain.
pins2lts-sym(21/49), 0.946: Creating a multi-core ListDD domain.
pins2lts-sym(47/49), 0.946: Creating a multi-core ListDD domain.
pins2lts-sym(20/49), 0.946: Creating a multi-core ListDD domain.
pins2lts-sym( 9/49), 0.946: Creating a multi-core ListDD domain.
pins2lts-sym(36/49), 0.947: Creating a multi-core ListDD domain.
pins2lts-sym(44/49), 0.947: Creating a multi-core ListDD domain.
pins2lts-sym(26/49), 0.947: Creating a multi-core ListDD domain.
pins2lts-sym(18/49), 0.948: Creating a multi-core ListDD domain.
pins2lts-sym(29/49), 0.948: Creating a multi-core ListDD domain.
pins2lts-sym(40/49), 0.948: Creating a multi-core ListDD domain.
pins2lts-sym(38/49), 0.948: Creating a multi-core ListDD domain.
pins2lts-sym(46/49), 0.949: Creating a multi-core ListDD domain.
pins2lts-sym(30/49), 0.949: Creating a multi-core ListDD domain.
pins2lts-sym(33/49), 0.949: Creating a multi-core ListDD domain.
pins2lts-sym( 5/49), 0.949: Creating a multi-core ListDD domain.
pins2lts-sym(28/49), 0.950: Creating a multi-core ListDD domain.
pins2lts-sym(23/49), 0.950: Creating a multi-core ListDD domain.
pins2lts-sym(45/49), 0.950: Creating a multi-core ListDD domain.
pins2lts-sym(31/49), 0.951: Creating a multi-core ListDD domain.
pins2lts-sym(34/49), 0.952: Creating a multi-core ListDD domain.
pins2lts-sym(10/49), 0.952: Creating a multi-core ListDD domain.
pins2lts-sym(25/49), 0.953: Creating a multi-core ListDD domain.
pins2lts-sym(32/49), 0.954: Creating a multi-core ListDD domain.
pins2lts-sym(13/49), 0.954: Creating a multi-core ListDD domain.
pins2lts-sym(24/49), 0.955: Creating a multi-core ListDD domain.
pins2lts-sym(39/49), 0.955: Creating a multi-core ListDD domain.
pins2lts-sym(37/49), 0.957: Creating a multi-core ListDD domain.
pins2lts-sym(14/49), 0.957: Creating a multi-core ListDD domain.
pins2lts-sym(48/49), 0.958: Creating a multi-core ListDD domain.
pins2lts-sym(43/49), 0.958: Creating a multi-core ListDD domain.
pins2lts-sym(41/49), 0.958: Creating a multi-core ListDD domain.
pins2lts-sym(11/49), 0.958: Creating a multi-core ListDD domain.
pins2lts-sym, 1.221: Using GBgetActionsShort as next-state function
pins2lts-sym, 1.221: Guard-splitting: not checking soundness of the specification, this may result in an incorrect state space!
pins2lts-sym, 1.234: got initial state
pins2lts-sym, 1.260: level 0 is finished
pins2lts-sym, 1.355: level 1 is finished
pins2lts-sym, 1.467: level 2 is finished
pins2lts-sym, 1.559: level 3 is finished
pins2lts-sym, 1.628: level 4 is finished
pins2lts-sym, 1.701: level 5 is finished
pins2lts-sym, 1.770: level 6 is finished
pins2lts-sym, 1.826: level 7 is finished
pins2lts-sym, 1.890: level 8 is finished
pins2lts-sym, 1.980: level 9 is finished
pins2lts-sym, 2.076: level 10 is finished
pins2lts-sym, 2.165: level 11 is finished
pins2lts-sym, 2.217: level 12 is finished
pins2lts-sym, 2.239: level 13 is finished
pins2lts-sym, 2.254: level 14 is finished
pins2lts-sym, 2.270: level 15 is finished
pins2lts-sym, 2.280: level 16 is finished
pins2lts-sym, 2.292: level 17 is finished
pins2lts-sym, 2.302: level 18 is finished
pins2lts-sym, 2.314: level 19 is finished
pins2lts-sym, 2.326: level 20 is finished
pins2lts-sym, 2.339: level 21 is finished
pins2lts-sym, 2.352: level 22 is finished
pins2lts-sym, 2.365: level 23 is finished
pins2lts-sym, 2.379: level 24 is finished
pins2lts-sym, 2.396: level 25 is finished
pins2lts-sym, 2.411: level 26 is finished
pins2lts-sym, 2.430: level 27 is finished
pins2lts-sym, 2.447: level 28 is finished
pins2lts-sym, 2.468: level 29 is finished
pins2lts-sym, 2.488: level 30 is finished
pins2lts-sym, 2.512: level 31 is finished
pins2lts-sym, 2.536: level 32 is finished
pins2lts-sym, 2.564: level 33 is finished
pins2lts-sym, 2.592: level 34 is finished
pins2lts-sym, 2.627: level 35 is finished
pins2lts-sym, 2.662: level 36 is finished
pins2lts-sym, 2.700: level 37 is finished
pins2lts-sym, 2.744: level 38 is finished
pins2lts-sym, 2.791: level 39 is finished
pins2lts-sym, 2.846: level 40 is finished
pins2lts-sym, 2.905: level 41 is finished
pins2lts-sym, 3.001: level 42 is finished
pins2lts-sym, 3.063: level 43 is finished
pins2lts-sym, 3.140: level 44 is finished
pins2lts-sym, 3.210: level 45 is finished
pins2lts-sym, 3.307: level 46 is finished
pins2lts-sym, 3.393: level 47 is finished
pins2lts-sym, 3.507: level 48 is finished
pins2lts-sym, 3.605: level 49 is finished
pins2lts-sym, 3.745: level 50 is finished
pins2lts-sym, 3.865: level 51 is finished
pins2lts-sym, 4.059: level 52 is finished
pins2lts-sym, 4.198: level 53 is finished
pins2lts-sym, 4.424: level 54 is finished
pins2lts-sym, 4.589: level 55 is finished
pins2lts-sym, 4.861: level 56 is finished
pins2lts-sym, 5.141: level 57 is finished
pins2lts-sym, 5.432: level 58 is finished
pins2lts-sym, 5.648: level 59 is finished
pins2lts-sym, 5.991: level 60 is finished
pins2lts-sym, 6.242: level 61 is finished
pins2lts-sym, 6.626: level 62 is finished
pins2lts-sym, 6.911: level 63 is finished
pins2lts-sym, 7.363: level 64 is finished
pins2lts-sym, 7.693: level 65 is finished
pins2lts-sym, 8.379: level 66 is finished
pins2lts-sym, 8.751: level 67 is finished
pins2lts-sym, 9.300: level 68 is finished
pins2lts-sym, 9.729: level 69 is finished
pins2lts-sym, 10.327: level 70 is finished
pins2lts-sym, 10.814: level 71 is finished
pins2lts-sym, 11.433: level 72 is finished
pins2lts-sym, 12.012: level 73 is finished
pins2lts-sym, 12.603: level 74 is finished
pins2lts-sym, 13.266: level 75 is finished
pins2lts-sym, 13.920: level 76 is finished
pins2lts-sym, 14.666: level 77 is finished
pins2lts-sym, 15.366: level 78 is finished
pins2lts-sym, 16.210: level 79 is finished
pins2lts-sym, 16.982: level 80 is finished
pins2lts-sym, 17.984: level 81 is finished
pins2lts-sym, 18.766: level 82 is finished
pins2lts-sym, 19.840: level 83 is finished
pins2lts-sym, 20.684: level 84 is finished
pins2lts-sym, 21.891: level 85 is finished
pins2lts-sym, 22.987: level 86 is finished
pins2lts-sym, 24.317: level 87 is finished
pins2lts-sym, 25.429: level 88 is finished
pins2lts-sym, 26.911: level 89 is finished
pins2lts-sym, 28.076: level 90 is finished
pins2lts-sym, 29.652: level 91 is finished
pins2lts-sym, 30.621: level 92 is finished
pins2lts-sym, 32.248: level 93 is finished
pins2lts-sym, 33.227: level 94 is finished
pins2lts-sym, 35.082: level 95 is finished
pins2lts-sym, 36.153: level 96 is finished
pins2lts-sym, 38.203: level 97 is finished
pins2lts-sym, 39.195: level 98 is finished
pins2lts-sym, 41.361: level 99 is finished
pins2lts-sym, 42.422: level 100 is finished
pins2lts-sym, 44.658: level 101 is finished
pins2lts-sym, 45.709: level 102 is finished
pins2lts-sym, 48.036: level 103 is finished
pins2lts-sym, 49.178: level 104 is finished
pins2lts-sym, 51.685: level 105 is finished
pins2lts-sym, 52.797: level 106 is finished
pins2lts-sym, 55.112: level 107 is finished
pins2lts-sym, 56.199: level 108 is finished
pins2lts-sym, 58.572: level 109 is finished
pins2lts-sym, 59.659: level 110 is finished
pins2lts-sym, 62.012: level 111 is finished
pins2lts-sym, 62.981: level 112 is finished
pins2lts-sym, 65.249: level 113 is finished
pins2lts-sym, 66.203: level 114 is finished
pins2lts-sym, 68.401: level 115 is finished
pins2lts-sym, 69.320: level 116 is finished
pins2lts-sym, 71.363: level 117 is finished
pins2lts-sym, 72.254: level 118 is finished
pins2lts-sym, 74.235: level 119 is finished
pins2lts-sym, 75.071: level 120 is finished
pins2lts-sym, 76.968: level 121 is finished
pins2lts-sym, 77.727: level 122 is finished
pins2lts-sym, 79.437: level 123 is finished
pins2lts-sym, 80.172: level 124 is finished
pins2lts-sym, 81.809: level 125 is finished
pins2lts-sym, 82.443: level 126 is finished
pins2lts-sym, 83.896: level 127 is finished
pins2lts-sym, 84.490: level 128 is finished
pins2lts-sym, 85.801: level 129 is finished
pins2lts-sym, 86.363: level 130 is finished
pins2lts-sym, 87.766: level 131 is finished
pins2lts-sym, 88.267: level 132 is finished
pins2lts-sym, 89.365: level 133 is finished
pins2lts-sym, 89.839: level 134 is finished
pins2lts-sym, 90.869: level 135 is finished
pins2lts-sym, 91.310: level 136 is finished
pins2lts-sym, 92.222: level 137 is finished
pins2lts-sym, 92.623: level 138 is finished
pins2lts-sym, 93.480: level 139 is finished
pins2lts-sym, 93.861: level 140 is finished
pins2lts-sym, 94.615: level 141 is finished
pins2lts-sym, 94.950: level 142 is finished
pins2lts-sym, 95.629: level 143 is finished
pins2lts-sym, 95.945: level 144 is finished
pins2lts-sym, 96.606: level 145 is finished
pins2lts-sym, 96.899: level 146 is finished
pins2lts-sym, 97.477: level 147 is finished
pins2lts-sym, 97.754: level 148 is finished
pins2lts-sym, 98.269: level 149 is finished
pins2lts-sym, 98.531: level 150 is finished
pins2lts-sym, 99.029: level 151 is finished
pins2lts-sym, 99.270: level 152 is finished
pins2lts-sym, 99.701: level 153 is finished
pins2lts-sym, 99.941: level 154 is finished
pins2lts-sym, 100.376: level 155 is finished
pins2lts-sym, 100.590: level 156 is finished
pins2lts-sym, 100.988: level 157 is finished
pins2lts-sym, 101.206: level 158 is finished
pins2lts-sym, 101.577: level 159 is finished
pins2lts-sym, 101.793: level 160 is finished
pins2lts-sym, 102.126: level 161 is finished
pins2lts-sym, 102.323: level 162 is finished
pins2lts-sym, 102.629: level 163 is finished
pins2lts-sym, 102.814: level 164 is finished
pins2lts-sym, 103.114: level 165 is finished
pins2lts-sym, 103.293: level 166 is finished
pins2lts-sym, 103.562: level 167 is finished
pins2lts-sym, 103.724: level 168 is finished
pins2lts-sym, 103.971: level 169 is finished
pins2lts-sym, 104.125: level 170 is finished
pins2lts-sym, 104.345: level 171 is finished
pins2lts-sym, 104.493: level 172 is finished
pins2lts-sym, 104.701: level 173 is finished
pins2lts-sym, 104.834: level 174 is finished
pins2lts-sym, 105.033: level 175 is finished
pins2lts-sym, 105.160: level 176 is finished
pins2lts-sym, 105.344: level 177 is finished
pins2lts-sym, 105.464: level 178 is finished
pins2lts-sym, 105.621: level 179 is finished
pins2lts-sym, 105.730: level 180 is finished
pins2lts-sym, 105.886: level 181 is finished
pins2lts-sym, 105.994: level 182 is finished
pins2lts-sym, 106.129: level 183 is finished
pins2lts-sym, 106.234: level 184 is finished
pins2lts-sym, 106.368: level 185 is finished
pins2lts-sym, 106.465: level 186 is finished
pins2lts-sym, 106.584: level 187 is finished
pins2lts-sym, 106.678: level 188 is finished
pins2lts-sym, 106.791: level 189 is finished
pins2lts-sym, 106.884: level 190 is finished
pins2lts-sym, 106.989: level 191 is finished
pins2lts-sym, 107.076: level 192 is finished
pins2lts-sym, 107.171: level 193 is finished
pins2lts-sym, 107.254: level 194 is finished
pins2lts-sym, 107.344: level 195 is finished
pins2lts-sym, 107.423: level 196 is finished
pins2lts-sym, 107.503: level 197 is finished
pins2lts-sym, 107.578: level 198 is finished
pins2lts-sym, 107.653: level 199 is finished
pins2lts-sym, 107.725: level 200 is finished
pins2lts-sym, 107.795: level 201 is finished
pins2lts-sym, 107.862: level 202 is finished
pins2lts-sym, 107.926: level 203 is finished
pins2lts-sym, 107.983: level 204 is finished
pins2lts-sym, 108.043: level 205 is finished
pins2lts-sym, 108.100: level 206 is finished
pins2lts-sym, 108.156: level 207 is finished
pins2lts-sym, 108.209: level 208 is finished
pins2lts-sym, 108.261: level 209 is finished
pins2lts-sym, 108.311: level 210 is finished
pins2lts-sym, 108.360: level 211 is finished
pins2lts-sym, 108.411: level 212 is finished
pins2lts-sym, 108.456: level 213 is finished
pins2lts-sym, 108.506: level 214 is finished
pins2lts-sym, 108.550: level 215 is finished
pins2lts-sym, 108.599: level 216 is finished
pins2lts-sym, 108.642: level 217 is finished
pins2lts-sym, 108.689: level 218 is finished
pins2lts-sym, 108.730: level 219 is finished
pins2lts-sym, 108.778: level 220 is finished
pins2lts-sym, 108.818: level 221 is finished
pins2lts-sym, 108.860: level 222 is finished
pins2lts-sym, 108.896: level 223 is finished
pins2lts-sym, 108.940: level 224 is finished
pins2lts-sym, 108.975: level 225 is finished
pins2lts-sym, 109.018: level 226 is finished
pins2lts-sym, 109.052: level 227 is finished
pins2lts-sym, 109.094: level 228 is finished
pins2lts-sym, 109.129: level 229 is finished
pins2lts-sym, 109.168: level 230 is finished
pins2lts-sym, 109.202: level 231 is finished
pins2lts-sym, 109.239: level 232 is finished
pins2lts-sym, 109.268: level 233 is finished
pins2lts-sym, 109.307: level 234 is finished
pins2lts-sym, 109.337: level 235 is finished
pins2lts-sym, 109.372: level 236 is finished
pins2lts-sym, 109.401: level 237 is finished
pins2lts-sym, 109.437: level 238 is finished
pins2lts-sym, 109.467: level 239 is finished
pins2lts-sym, 109.502: level 240 is finished
pins2lts-sym, 109.536: level 241 is finished
pins2lts-sym, 109.568: level 242 is finished
pins2lts-sym, 109.595: level 243 is finished
pins2lts-sym, 109.628: level 244 is finished
pins2lts-sym, 109.656: level 245 is finished
pins2lts-sym, 109.688: level 246 is finished
pins2lts-sym, 109.712: level 247 is finished
pins2lts-sym, 109.747: level 248 is finished
pins2lts-sym, 109.771: level 249 is finished
pins2lts-sym, 109.798: level 250 is finished
pins2lts-sym, 109.820: level 251 is finished
pins2lts-sym, 109.854: level 252 is finished
pins2lts-sym, 109.877: level 253 is finished
pins2lts-sym, 109.912: level 254 is finished
pins2lts-sym, 109.939: level 255 is finished
pins2lts-sym, 109.971: level 256 is finished
pins2lts-sym, 109.996: level 257 is finished
pins2lts-sym, 110.025: level 258 is finished
pins2lts-sym, 110.048: level 259 is finished
pins2lts-sym, 110.078: level 260 is finished
pins2lts-sym, 110.102: level 261 is finished
pins2lts-sym, 110.130: level 262 is finished
pins2lts-sym, 110.155: level 263 is finished
pins2lts-sym, 110.186: level 264 is finished
pins2lts-sym, 110.205: level 265 is finished
pins2lts-sym, 110.236: level 266 is finished
pins2lts-sym, 110.256: level 267 is finished
pins2lts-sym, 110.282: level 268 is finished
pins2lts-sym, 110.302: level 269 is finished
pins2lts-sym, 110.331: level 270 is finished
pins2lts-sym, 110.357: level 271 is finished
pins2lts-sym, 110.385: level 272 is finished
pins2lts-sym, 110.406: level 273 is finished
pins2lts-sym, 110.433: level 274 is finished
pins2lts-sym, 110.452: level 275 is finished
pins2lts-sym, 110.479: level 276 is finished
pins2lts-sym, 110.500: level 277 is finished
pins2lts-sym, 110.527: level 278 is finished
pins2lts-sym, 110.548: level 279 is finished
pins2lts-sym, 110.572: level 280 is finished
pins2lts-sym, 110.591: level 281 is finished
pins2lts-sym, 110.619: level 282 is finished
pins2lts-sym, 110.637: level 283 is finished
pins2lts-sym, 110.660: level 284 is finished
pins2lts-sym, 110.676: level 285 is finished
pins2lts-sym, 110.705: level 286 is finished
pins2lts-sym, 110.728: level 287 is finished
pins2lts-sym, 110.756: level 288 is finished
pins2lts-sym, 110.779: level 289 is finished
pins2lts-sym, 110.806: level 290 is finished
pins2lts-sym, 110.825: level 291 is finished
pins2lts-sym, 110.852: level 292 is finished
pins2lts-sym, 110.876: level 293 is finished
pins2lts-sym, 110.901: level 294 is finished
pins2lts-sym, 110.921: level 295 is finished
pins2lts-sym, 110.946: level 296 is finished
pins2lts-sym, 110.969: level 297 is finished
pins2lts-sym, 110.992: level 298 is finished
pins2lts-sym, 111.011: level 299 is finished
pins2lts-sym, 111.039: level 300 is finished
pins2lts-sym, 111.059: level 301 is finished
pins2lts-sym, 111.087: level 302 is finished
pins2lts-sym, 111.109: level 303 is finished
pins2lts-sym, 111.130: level 304 is finished
pins2lts-sym, 111.147: level 305 is finished
pins2lts-sym, 111.168: level 306 is finished
pins2lts-sym, 111.182: level 307 is finished
pins2lts-sym, 111.204: level 308 is finished
pins2lts-sym, 111.221: level 309 is finished
pins2lts-sym, 111.245: level 310 is finished
pins2lts-sym, 111.260: level 311 is finished
pins2lts-sym, 111.285: level 312 is finished
pins2lts-sym, 111.304: level 313 is finished
pins2lts-sym, 111.331: level 314 is finished
pins2lts-sym, 111.354: level 315 is finished
pins2lts-sym, 111.375: level 316 is finished
pins2lts-sym, 111.392: level 317 is finished
pins2lts-sym, 111.415: level 318 is finished
pins2lts-sym, 111.434: level 319 is finished
pins2lts-sym, 111.459: level 320 is finished
pins2lts-sym, 111.482: level 321 is finished
pins2lts-sym, 111.508: level 322 is finished
pins2lts-sym, 111.524: level 323 is finished
pins2lts-sym, 111.543: level 324 is finished
pins2lts-sym, 111.558: level 325 is finished
pins2lts-sym, 111.584: level 326 is finished
pins2lts-sym, 111.602: level 327 is finished
pins2lts-sym, 111.628: level 328 is finished
pins2lts-sym, 111.654: level 329 is finished
pins2lts-sym, 111.677: level 330 is finished
pins2lts-sym, 111.692: level 331 is finished
pins2lts-sym, 111.716: level 332 is finished
pins2lts-sym, 111.737: level 333 is finished
pins2lts-sym, 111.761: level 334 is finished
pins2lts-sym, 111.779: level 335 is finished
pins2lts-sym, 111.803: level 336 is finished
pins2lts-sym, 111.823: level 337 is finished
pins2lts-sym, 111.848: level 338 is finished
pins2lts-sym, 111.867: level 339 is finished
pins2lts-sym, 111.893: level 340 is finished
pins2lts-sym, 111.911: level 341 is finished
pins2lts-sym, 111.938: level 342 is finished
pins2lts-sym, 111.962: level 343 is finished
pins2lts-sym, 111.988: level 344 is finished
pins2lts-sym, 112.013: level 345 is finished
pins2lts-sym, 112.039: level 346 is finished
pins2lts-sym, 112.058: level 347 is finished
pins2lts-sym, 112.076: level 348 is finished
pins2lts-sym, 112.094: level 349 is finished
pins2lts-sym, 112.119: level 350 is finished
pins2lts-sym, 112.137: level 351 is finished
pins2lts-sym, 112.156: level 352 is finished
pins2lts-sym, 112.169: level 353 is finished
pins2lts-sym, 112.194: level 354 is finished
pins2lts-sym, 112.216: level 355 is finished
pins2lts-sym, 112.240: level 356 is finished
pins2lts-sym, 112.257: level 357 is finished
pins2lts-sym, 112.282: level 358 is finished
pins2lts-sym, 112.300: level 359 is finished
pins2lts-sym, 112.324: level 360 is finished
pins2lts-sym, 112.342: level 361 is finished
pins2lts-sym, 112.363: level 362 is finished
pins2lts-sym, 112.382: level 363 is finished
pins2lts-sym, 112.406: level 364 is finished
pins2lts-sym, 112.428: level 365 is finished
pins2lts-sym, 112.448: level 366 is finished
pins2lts-sym, 112.463: level 367 is finished
pins2lts-sym, 112.485: level 368 is finished
pins2lts-sym, 112.500: level 369 is finished
pins2lts-sym, 112.519: level 370 is finished
pins2lts-sym, 112.533: level 371 is finished
pins2lts-sym, 112.552: level 372 is finished
pins2lts-sym, 112.565: level 373 is finished
pins2lts-sym, 112.584: level 374 is finished
pins2lts-sym, 112.598: level 375 is finished
pins2lts-sym, 112.616: level 376 is finished
pins2lts-sym, 112.629: level 377 is finished
pins2lts-sym, 112.646: level 378 is finished
pins2lts-sym, 112.659: level 379 is finished
pins2lts-sym, 112.684: level 380 is finished
pins2lts-sym, 112.706: level 381 is finished
pins2lts-sym, 112.724: level 382 is finished
pins2lts-sym, 112.738: level 383 is finished
pins2lts-sym, 112.756: level 384 is finished
pins2lts-sym, 112.768: level 385 is finished
pins2lts-sym, 112.786: level 386 is finished
pins2lts-sym, 112.798: level 387 is finished
pins2lts-sym, 112.814: level 388 is finished
pins2lts-sym, 112.827: level 389 is finished
pins2lts-sym, 112.844: level 390 is finished
pins2lts-sym, 112.857: level 391 is finished
pins2lts-sym, 112.873: level 392 is finished
pins2lts-sym, 112.886: level 393 is finished
pins2lts-sym, 112.901: level 394 is finished
pins2lts-sym, 112.914: level 395 is finished
pins2lts-sym, 112.930: level 396 is finished
pins2lts-sym, 112.943: level 397 is finished
pins2lts-sym, 112.964: level 398 is finished
pins2lts-sym, 112.981: level 399 is finished
pins2lts-sym, 113.001: level 400 is finished
pins2lts-sym, 113.015: level 401 is finished
pins2lts-sym, 113.034: level 402 is finished
pins2lts-sym, 113.048: level 403 is finished
pins2lts-sym, 113.065: level 404 is finished
pins2lts-sym, 113.078: level 405 is finished
pins2lts-sym, 113.097: level 406 is finished
pins2lts-sym, 113.114: level 407 is finished
pins2lts-sym, 113.134: level 408 is finished
pins2lts-sym, 113.146: level 409 is finished
pins2lts-sym, 113.161: level 410 is finished
pins2lts-sym, 113.175: level 411 is finished
pins2lts-sym, 113.194: level 412 is finished
pins2lts-sym, 113.205: level 413 is finished
pins2lts-sym, 113.217: level 414 is finished
pins2lts-sym, 113.229: level 415 is finished
pins2lts-sym, 113.246: level 416 is finished
pins2lts-sym, 113.256: level 417 is finished
pins2lts-sym, 113.268: level 418 is finished
pins2lts-sym, 113.278: level 419 is finished
pins2lts-sym, 113.291: level 420 is finished
pins2lts-sym, 113.301: level 421 is finished
pins2lts-sym, 113.317: level 422 is finished
pins2lts-sym, 113.333: level 423 is finished
pins2lts-sym, 113.345: level 424 is finished
pins2lts-sym, 113.354: level 425 is finished
pins2lts-sym, 113.364: level 426 is finished
pins2lts-sym, 113.373: level 427 is finished
pins2lts-sym, 113.384: level 428 is finished
pins2lts-sym, 113.393: level 429 is finished
pins2lts-sym, 113.402: level 430 is finished
pins2lts-sym, 113.411: level 431 is finished
pins2lts-sym, 113.421: level 432 is finished
pins2lts-sym, 113.430: level 433 is finished
pins2lts-sym, 113.439: level 434 is finished
pins2lts-sym, 113.448: level 435 is finished
pins2lts-sym, 113.459: level 436 is finished
pins2lts-sym, 113.468: level 437 is finished
pins2lts-sym, 113.477: level 438 is finished
pins2lts-sym, 113.486: level 439 is finished
pins2lts-sym, 113.497: level 440 is finished
pins2lts-sym, 113.506: level 441 is finished
pins2lts-sym, 113.515: level 442 is finished
pins2lts-sym, 113.524: level 443 is finished
pins2lts-sym, 113.534: level 444 is finished
pins2lts-sym, 113.545: level 445 is finished
pins2lts-sym, 113.554: level 446 is finished
pins2lts-sym, 113.563: level 447 is finished
pins2lts-sym, 113.573: level 448 is finished
pins2lts-sym, 113.581: level 449 is finished
pins2lts-sym, 113.590: level 450 is finished
pins2lts-sym, 113.598: level 451 is finished
pins2lts-sym, 113.608: level 452 is finished
pins2lts-sym, 113.616: level 453 is finished
pins2lts-sym, 113.624: level 454 is finished
pins2lts-sym, 113.632: level 455 is finished
pins2lts-sym, 113.640: level 456 is finished
pins2lts-sym, 113.649: level 457 is finished
pins2lts-sym, 113.656: level 458 is finished
pins2lts-sym, 113.663: level 459 is finished
pins2lts-sym, 113.670: level 460 is finished
pins2lts-sym, 113.676: level 461 is finished
pins2lts-sym, 113.682: level 462 is finished
pins2lts-sym, 113.688: level 463 is finished
pins2lts-sym, 113.693: level 464 is finished
pins2lts-sym, 113.698: level 465 is finished
pins2lts-sym, 113.704: level 466 is finished
pins2lts-sym, 113.709: level 467 is finished
pins2lts-sym, 113.714: level 468 is finished
pins2lts-sym, 113.718: level 469 is finished
pins2lts-sym, 113.723: level 470 is finished
pins2lts-sym, 113.728: level 471 is finished
pins2lts-sym, 113.733: level 472 is finished
pins2lts-sym, 113.737: level 473 is finished
pins2lts-sym, 113.742: level 474 is finished
pins2lts-sym, 113.746: level 475 is finished
pins2lts-sym, 113.751: level 476 is finished
pins2lts-sym, 113.755: level 477 is finished
pins2lts-sym, 113.760: level 478 is finished
pins2lts-sym, 113.764: level 479 is finished
pins2lts-sym, 113.768: level 480 is finished
pins2lts-sym, 113.781: Exploration took 11213 group checks, 11213 next state calls and 46176 guard evaluation calls
pins2lts-sym, 113.805: reachability took 112.530 real 5275.240 user 67.050 sys
pins2lts-sym, 113.805: counting visited states...
pins2lts-sym, 113.982: counting took 0.170 real 8.420 user 0.020 sys
pins2lts-sym, 113.982: state space has 1750528171 (~1.75e+09) states, 1158486 BDD nodes
