pins2lts-mc, 0.001: =============================================================================
pins2lts-mc, 0.001: Runtime environment could only preallocate 125 GB while requesting 503 GB.
pins2lts-mc, 0.001:         Configure your system limits to exploit all memory.
pins2lts-mc, 0.001: =============================================================================
pins2lts-mc( 0/48), 0.003: Registering PINS so language module
pins2lts-mc( 1/48), 0.036: Registering PINS so language module
pins2lts-mc( 4/48), 0.036: Registering PINS so language module
pins2lts-mc( 6/48), 0.036: Registering PINS so language module
pins2lts-mc( 2/48), 0.036: Registering PINS so language module
pins2lts-mc( 3/48), 0.037: Registering PINS so language module
pins2lts-mc( 8/48), 0.037: Registering PINS so language module
pins2lts-mc( 7/48), 0.038: Registering PINS so language module
pins2lts-mc( 9/48), 0.039: Registering PINS so language module
pins2lts-mc( 5/48), 0.039: Registering PINS so language module
pins2lts-mc(12/48), 0.039: Registering PINS so language module
pins2lts-mc(13/48), 0.039: Registering PINS so language module
pins2lts-mc(11/48), 0.040: Registering PINS so language module
pins2lts-mc(10/48), 0.040: Registering PINS so language module
pins2lts-mc(23/48), 0.041: Registering PINS so language module
pins2lts-mc(17/48), 0.041: Registering PINS so language module
pins2lts-mc(21/48), 0.041: Registering PINS so language module
pins2lts-mc(18/48), 0.042: Registering PINS so language module
pins2lts-mc(36/48), 0.042: Registering PINS so language module
pins2lts-mc(15/48), 0.044: Registering PINS so language module
pins2lts-mc(22/48), 0.045: Registering PINS so language module
pins2lts-mc(24/48), 0.045: Registering PINS so language module
pins2lts-mc(26/48), 0.046: Registering PINS so language module
pins2lts-mc(14/48), 0.048: Registering PINS so language module
pins2lts-mc(29/48), 0.048: Registering PINS so language module
pins2lts-mc(32/48), 0.049: Registering PINS so language module
pins2lts-mc(30/48), 0.049: Registering PINS so language module
pins2lts-mc(20/48), 0.049: Registering PINS so language module
pins2lts-mc(19/48), 0.049: Registering PINS so language module
pins2lts-mc(25/48), 0.049: Registering PINS so language module
pins2lts-mc(35/48), 0.049: Registering PINS so language module
pins2lts-mc(16/48), 0.049: Registering PINS so language module
pins2lts-mc(45/48), 0.049: Registering PINS so language module
pins2lts-mc(42/48), 0.051: Registering PINS so language module
pins2lts-mc(44/48), 0.051: Registering PINS so language module
pins2lts-mc(33/48), 0.051: Registering PINS so language module
pins2lts-mc(40/48), 0.051: Registering PINS so language module
pins2lts-mc(27/48), 0.052: Registering PINS so language module
pins2lts-mc(34/48), 0.052: Registering PINS so language module
pins2lts-mc(39/48), 0.055: Registering PINS so language module
pins2lts-mc(28/48), 0.055: Registering PINS so language module
pins2lts-mc(38/48), 0.055: Registering PINS so language module
pins2lts-mc(37/48), 0.057: Registering PINS so language module
pins2lts-mc(31/48), 0.059: Registering PINS so language module
pins2lts-mc(46/48), 0.060: Registering PINS so language module
pins2lts-mc(41/48), 0.065: Registering PINS so language module
pins2lts-mc(47/48), 0.070: Registering PINS so language module
pins2lts-mc(43/48), 0.071: Registering PINS so language module
pins2lts-mc( 0/48), 0.071: Loading model from Problem.so
pins2lts-mc( 2/48), 0.073: library has no initializer
pins2lts-mc( 2/48), 0.073: loading model RERS2014
pins2lts-mc( 0/48), 0.073: library has no initializer
pins2lts-mc( 3/48), 0.073: library has no initializer
pins2lts-mc( 0/48), 0.073: loading model RERS2014
pins2lts-mc( 3/48), 0.073: loading model RERS2014
pins2lts-mc( 6/48), 0.073: library has no initializer
pins2lts-mc( 1/48), 0.073: library has no initializer
pins2lts-mc( 6/48), 0.073: loading model RERS2014
pins2lts-mc( 1/48), 0.073: loading model RERS2014
pins2lts-mc( 8/48), 0.073: library has no initializer
pins2lts-mc( 8/48), 0.074: loading model RERS2014
pins2lts-mc( 4/48), 0.074: library has no initializer
pins2lts-mc( 9/48), 0.074: library has no initializer
pins2lts-mc( 4/48), 0.074: loading model RERS2014
pins2lts-mc( 9/48), 0.074: loading model RERS2014
pins2lts-mc( 7/48), 0.074: library has no initializer
pins2lts-mc( 5/48), 0.074: library has no initializer
pins2lts-mc( 7/48), 0.074: loading model RERS2014
pins2lts-mc( 5/48), 0.074: loading model RERS2014
pins2lts-mc(10/48), 0.075: library has no initializer
pins2lts-mc(11/48), 0.075: library has no initializer
pins2lts-mc(10/48), 0.075: loading model RERS2014
pins2lts-mc(11/48), 0.075: loading model RERS2014
pins2lts-mc(12/48), 0.075: library has no initializer
pins2lts-mc(13/48), 0.075: library has no initializer
pins2lts-mc(13/48), 0.075: loading model RERS2014
pins2lts-mc(12/48), 0.075: loading model RERS2014
pins2lts-mc(14/48), 0.075: library has no initializer
pins2lts-mc(14/48), 0.075: loading model RERS2014
pins2lts-mc(15/48), 0.075: library has no initializer
pins2lts-mc(15/48), 0.075: loading model RERS2014
pins2lts-mc(16/48), 0.076: library has no initializer
pins2lts-mc(19/48), 0.076: library has no initializer
pins2lts-mc(16/48), 0.076: loading model RERS2014
pins2lts-mc(19/48), 0.076: loading model RERS2014
pins2lts-mc(18/48), 0.076: library has no initializer
pins2lts-mc(18/48), 0.076: loading model RERS2014
pins2lts-mc(20/48), 0.076: library has no initializer
pins2lts-mc(20/48), 0.076: loading model RERS2014
pins2lts-mc(17/48), 0.076: library has no initializer
pins2lts-mc(17/48), 0.076: loading model RERS2014
pins2lts-mc(21/48), 0.076: library has no initializer
pins2lts-mc(21/48), 0.076: loading model RERS2014
pins2lts-mc(23/48), 0.077: library has no initializer
pins2lts-mc(23/48), 0.077: loading model RERS2014
pins2lts-mc(22/48), 0.077: library has no initializer
pins2lts-mc(22/48), 0.077: loading model RERS2014
pins2lts-mc(29/48), 0.077: library has no initializer
pins2lts-mc(26/48), 0.077: library has no initializer
pins2lts-mc(29/48), 0.077: loading model RERS2014
pins2lts-mc(26/48), 0.077: loading model RERS2014
pins2lts-mc(25/48), 0.077: library has no initializer
pins2lts-mc(25/48), 0.077: loading model RERS2014
pins2lts-mc(24/48), 0.078: library has no initializer
pins2lts-mc(37/48), 0.078: library has no initializer
pins2lts-mc(24/48), 0.078: loading model RERS2014
pins2lts-mc(37/48), 0.078: loading model RERS2014
pins2lts-mc(30/48), 0.078: library has no initializer
pins2lts-mc(30/48), 0.078: loading model RERS2014
pins2lts-mc(36/48), 0.078: library has no initializer
pins2lts-mc(36/48), 0.078: loading model RERS2014
pins2lts-mc(33/48), 0.078: library has no initializer
pins2lts-mc(33/48), 0.078: loading model RERS2014
pins2lts-mc(38/48), 0.079: library has no initializer
pins2lts-mc(38/48), 0.079: loading model RERS2014
pins2lts-mc(28/48), 0.079: library has no initializer
pins2lts-mc(28/48), 0.079: loading model RERS2014
pins2lts-mc(34/48), 0.079: library has no initializer
pins2lts-mc(39/48), 0.079: library has no initializer
pins2lts-mc(34/48), 0.079: loading model RERS2014
pins2lts-mc(39/48), 0.079: loading model RERS2014
pins2lts-mc(45/48), 0.079: library has no initializer
pins2lts-mc(45/48), 0.079: loading model RERS2014
pins2lts-mc(40/48), 0.079: library has no initializer
pins2lts-mc(42/48), 0.079: library has no initializer
pins2lts-mc(42/48), 0.079: loading model RERS2014
pins2lts-mc(40/48), 0.079: loading model RERS2014
pins2lts-mc(35/48), 0.080: library has no initializer
pins2lts-mc(35/48), 0.080: loading model RERS2014
pins2lts-mc(44/48), 0.080: library has no initializer
pins2lts-mc(44/48), 0.080: loading model RERS2014
pins2lts-mc(32/48), 0.080: library has no initializer
pins2lts-mc(32/48), 0.080: loading model RERS2014
pins2lts-mc(46/48), 0.080: library has no initializer
pins2lts-mc(46/48), 0.080: loading model RERS2014
pins2lts-mc(27/48), 0.080: library has no initializer
pins2lts-mc(27/48), 0.080: loading model RERS2014
pins2lts-mc(47/48), 0.080: library has no initializer
pins2lts-mc(47/48), 0.080: loading model RERS2014
pins2lts-mc(41/48), 0.080: library has no initializer
pins2lts-mc(41/48), 0.080: loading model RERS2014
pins2lts-mc(31/48), 0.080: library has no initializer
pins2lts-mc(31/48), 0.080: loading model RERS2014
pins2lts-mc(43/48), 0.081: library has no initializer
pins2lts-mc(43/48), 0.081: loading model RERS2014
pins2lts-mc( 4/48), 0.100: completed loading model RERS2014
pins2lts-mc(15/48), 0.100: completed loading model RERS2014
pins2lts-mc(14/48), 0.100: completed loading model RERS2014
pins2lts-mc( 0/48), 0.102: completed loading model RERS2014
pins2lts-mc( 1/48), 0.108: completed loading model RERS2014
pins2lts-mc(12/48), 0.112: completed loading model RERS2014
pins2lts-mc(10/48), 0.114: completed loading model RERS2014
pins2lts-mc( 3/48), 0.114: completed loading model RERS2014
pins2lts-mc(16/48), 0.115: completed loading model RERS2014
pins2lts-mc(44/48), 0.116: completed loading model RERS2014
pins2lts-mc(11/48), 0.118: completed loading model RERS2014
pins2lts-mc( 7/48), 0.119: completed loading model RERS2014
pins2lts-mc(19/48), 0.122: completed loading model RERS2014
pins2lts-mc( 5/48), 0.122: completed loading model RERS2014
pins2lts-mc(13/48), 0.124: completed loading model RERS2014
pins2lts-mc(47/48), 0.125: completed loading model RERS2014
pins2lts-mc( 9/48), 0.126: completed loading model RERS2014
pins2lts-mc( 6/48), 0.128: completed loading model RERS2014
pins2lts-mc(36/48), 0.140: completed loading model RERS2014
pins2lts-mc(17/48), 0.147: completed loading model RERS2014
pins2lts-mc(30/48), 0.151: completed loading model RERS2014
pins2lts-mc(21/48), 0.151: completed loading model RERS2014
pins2lts-mc(33/48), 0.152: completed loading model RERS2014
pins2lts-mc(27/48), 0.152: completed loading model RERS2014
pins2lts-mc(38/48), 0.156: completed loading model RERS2014
pins2lts-mc(25/48), 0.156: completed loading model RERS2014
pins2lts-mc(26/48), 0.157: completed loading model RERS2014
pins2lts-mc(35/48), 0.157: completed loading model RERS2014
pins2lts-mc( 2/48), 0.157: completed loading model RERS2014
pins2lts-mc(32/48), 0.158: completed loading model RERS2014
pins2lts-mc(46/48), 0.158: completed loading model RERS2014
pins2lts-mc( 8/48), 0.159: completed loading model RERS2014
pins2lts-mc(45/48), 0.159: completed loading model RERS2014
pins2lts-mc(34/48), 0.159: completed loading model RERS2014
pins2lts-mc(37/48), 0.159: completed loading model RERS2014
pins2lts-mc(42/48), 0.159: completed loading model RERS2014
pins2lts-mc(40/48), 0.160: completed loading model RERS2014
pins2lts-mc(18/48), 0.160: completed loading model RERS2014
pins2lts-mc(23/48), 0.160: completed loading model RERS2014
pins2lts-mc(28/48), 0.160: completed loading model RERS2014
pins2lts-mc(22/48), 0.160: completed loading model RERS2014
pins2lts-mc(29/48), 0.160: completed loading model RERS2014
pins2lts-mc(20/48), 0.160: completed loading model RERS2014
pins2lts-mc(24/48), 0.161: completed loading model RERS2014
pins2lts-mc(31/48), 0.161: completed loading model RERS2014
pins2lts-mc(43/48), 0.161: completed loading model RERS2014
pins2lts-mc(41/48), 0.161: completed loading model RERS2014
pins2lts-mc(39/48), 0.162: completed loading model RERS2014
pins2lts-mc( 0/48), 0.231: There are 96 state labels and 2 edge labels
pins2lts-mc( 0/48), 0.231: State length is 25, there are 106 groups
pins2lts-mc( 0/48), 0.231: Running sbfs using 48 cores
pins2lts-mc( 0/48), 0.231: Using a non-indexing tree table with 2^31 elements
pins2lts-mc( 0/48), 0.231: Successor permutation: none
pins2lts-mc( 0/48), 0.231: Global bits: 0, count bits: 0, local bits: 0
pins2lts-mc( 0/48), 0.558: ~5 levels ~960 states ~1440 transitions
pins2lts-mc( 0/48), 0.662: ~7 levels ~1920 states ~2880 transitions
pins2lts-mc( 0/48), 0.828: ~10 levels ~3840 states ~5664 transitions
pins2lts-mc( 0/48), 1.155: ~17 levels ~7680 states ~13296 transitions
pins2lts-mc( 0/48), 1.455: ~23 levels ~15360 states ~26448 transitions
pins2lts-mc( 0/48), 1.906: ~30 levels ~30720 states ~54000 transitions
pins2lts-mc( 1/48), 2.458: ~36 levels ~61440 states ~83568 transitions
pins2lts-mc( 1/48), 3.558: ~42 levels ~122880 states ~190512 transitions
pins2lts-mc( 0/48), 4.980: ~46 levels ~245760 states ~421152 transitions
pins2lts-mc( 5/48), 7.462: ~50 levels ~491520 states ~730752 transitions
pins2lts-mc( 5/48), 11.367: ~54 levels ~983040 states ~1465248 transitions
pins2lts-mc( 5/48), 16.355: ~58 levels ~1966080 states ~2943600 transitions
pins2lts-mc( 5/48), 21.147: ~62 levels ~3932160 states ~5712672 transitions
pins2lts-mc( 5/48), 24.110: ~67 levels ~7864320 states ~12717840 transitions
pins2lts-mc( 5/48), 26.030: ~72 levels ~15728640 states ~23339232 transitions
pins2lts-mc(23/48), 29.639: ~78 levels ~31457280 states ~48827568 transitions
pins2lts-mc(18/48), 35.542: ~84 levels ~62914560 states ~98679648 transitions
pins2lts-mc(23/48), 46.067: ~90 levels ~125829120 states ~191380560 transitions
pins2lts-mc(23/48), 64.191: ~96 levels ~251658240 states ~354314256 transitions
pins2lts-mc(23/48), 98.702: ~105 levels ~503316480 states ~695471376 transitions
pins2lts-mc(23/48), 167.310: ~118 levels ~1006632960 states ~1445779584 transitions
pins2lts-mc( 0/48), 296.759:  
pins2lts-mc( 0/48), 296.759: mean standard work distribution: 1.4% (states) 2.0% (transitions)
pins2lts-mc( 0/48), 296.759:  
pins2lts-mc( 0/48), 296.759: Explored 1750528171 states 2445589869 transitions, fanout: 1.397
pins2lts-mc( 0/48), 296.759: Total exploration time 293.820 sec (293.790 sec minimum, 293.802 sec on average)
pins2lts-mc( 0/48), 296.759: States per second: 5957825, Transitions per second: 8323428
pins2lts-mc( 0/48), 296.759:  
pins2lts-mc( 0/48), 296.759: Queue width: 8B, total height: 63221028, memory: 482.34MB
pins2lts-mc( 0/48), 296.759: Tree memory: 6891.8MB, 4.1 B/state, compr.: 4.0%
pins2lts-mc( 0/48), 296.759: Tree fill ratio (roots/leafs): 81.0%/5.0%
pins2lts-mc( 0/48), 296.759: Stored 156 string chucks using 0MB
pins2lts-mc( 0/48), 296.760: Total memory used for chunk indexing: 0MB
pins2lts-mc( 0/48), 296.760: Est. total memory use: 7374.2MB (~8674.3MB paged-in)
